1614612913761	geckodriver	INFO	Listening on 127.0.0.1:60227
1614612914283	mozrunner::runner	INFO	Running command: "C:\\Program Files\\Mozilla Firefox\\firefox.exe" "--marionette" "-foreground" "-no-remote" "-profile" "C:\\Users\\Andrei\\AppData\\Local\\Temp\\rust_mozprofile5T88a9"
console.warn: SearchSettings: "get: No settings file exists, new profile?" (new Error("", "(unknown module)"))
1614612918195	Marionette	INFO	Listening on port 60233
1614612918444	Marionette	WARN	TLS certificate errors will be ignored for this session
JavaScript warning: https://stepik.azureedge.net/static/frontend-build/vendor.js?v=1614180386, line 2475: unreachable code after return statement
[Child 23040, IPC I/O Child] WARNING: pipe error: 232: file /builds/worker/checkouts/gecko/ipc/chromium/src/chrome/common/ipc_channel_win.cc:545
1614612935144	Marionette	INFO	Stopped listening on port 60233

###!!! [Child][RunMessage] Error: Channel closing: too late to send/recv, messages will be lost

1614613010162	geckodriver	INFO	Listening on 127.0.0.1:60468
1614613010688	mozrunner::runner	INFO	Running command: "C:\\Program Files\\Mozilla Firefox\\firefox.exe" "--marionette" "-foreground" "-no-remote" "-profile" "C:\\Users\\Andrei\\AppData\\Local\\Temp\\rust_mozprofileDjY0tj"
console.warn: SearchSettings: "get: No settings file exists, new profile?" (new Error("", "(unknown module)"))
1614613013724	Marionette	INFO	Listening on port 60474
1614613013822	Marionette	WARN	TLS certificate errors will be ignored for this session
JavaScript error: resource://activity-stream/lib/ASRouter.jsm, line 988: NS_ERROR_ILLEGAL_VALUE: Component returned failure code: 0x80070057 (NS_ERROR_ILLEGAL_VALUE) [nsIObserverService.removeObserver]
console.error: services.settings: 
  main/cfr-fxa Signature failed  TypeError: NetworkError when attempting to fetch resource.
console.error: Region.jsm: "Error fetching region" (new TypeError("NetworkError when attempting to fetch resource.", ""))
console.error: Region.jsm: "Failed to fetch region" (new Error("NO_RESULT", "resource://gre/modules/Region.jsm", 422))
1614613014308	Marionette	INFO	Stopped listening on port 60474

###!!! [Child][RunMessage] Error: Channel closing: too late to send/recv, messages will be lost

1614614164617	geckodriver	INFO	Listening on 127.0.0.1:61366
1614614165149	mozrunner::runner	INFO	Running command: "C:\\Program Files\\Mozilla Firefox\\firefox.exe" "--marionette" "-foreground" "-no-remote" "-profile" "C:\\Users\\Andrei\\AppData\\Local\\Temp\\rust_mozprofiledBHEkk"
console.warn: SearchSettings: "get: No settings file exists, new profile?" (new Error("", "(unknown module)"))
1614614168287	Marionette	INFO	Listening on port 61371
1614614168794	Marionette	WARN	TLS certificate errors will be ignored for this session
JavaScript error: http://selenium1py.pythonanywhere.com/ru/, line 374: ReferenceError: oscar is not defined
1614614171070	Marionette	INFO	Stopped listening on port 61371

###!!! [Child][RunMessage] Error: Channel closing: too late to send/recv, messages will be lost

1614614220509	geckodriver	INFO	Listening on 127.0.0.1:61460
1614614221050	mozrunner::runner	INFO	Running command: "C:\\Program Files\\Mozilla Firefox\\firefox.exe" "--marionette" "-foreground" "-no-remote" "-profile" "C:\\Users\\Andrei\\AppData\\Local\\Temp\\rust_mozprofileQ3KR2h"
console.warn: SearchSettings: "get: No settings file exists, new profile?" (new Error("", "(unknown module)"))
1614614224087	Marionette	INFO	Listening on port 61466
1614614224197	Marionette	WARN	TLS certificate errors will be ignored for this session
JavaScript error: http://selenium1py.pythonanywhere.com/ru/, line 374: ReferenceError: oscar is not defined
1614614225612	Marionette	INFO	Stopped listening on port 61466

###!!! [Child][RunMessage] Error: Channel closing: too late to send/recv, messages will be lost

